DataFrame[value: string]
+--------------------+
|               value|
+--------------------+
|<row Id="190796" ...|
|<row Id="190797" ...|
|<row Id="190799" ...|
|<row Id="190800" ...|
|<row Id="190801" ...|
|<row Id="190803" ...|
|<row Id="190805" ...|
|<row Id="190806" ...|
|<row Id="190807" ...|
|<row Id="190809" ...|
|<row Id="190810" ...|
|<row Id="190811" ...|
|<row Id="190816" ...|
|<row Id="190817" ...|
|<row Id="190818" ...|
|<row Id="190819" ...|
|<row Id="190820" ...|
|<row Id="190821" ...|
|<row Id="190822" ...|
|<row Id="190823" ...|
+--------------------+
only showing top 20 rows

None
Lines with row: 464,
